ARM GAS  C:\Users\JACOB-~1\AppData\Local\Temp\cc0Q2GnA.s 			page 1


   1              		.syntax unified
   2              		.cpu cortex-m3
   3              		.fpu softvfp
   4              		.eabi_attribute 20, 1
   5              		.eabi_attribute 21, 1
   6              		.eabi_attribute 23, 3
   7              		.eabi_attribute 24, 1
   8              		.eabi_attribute 25, 1
   9              		.eabi_attribute 26, 1
  10              		.eabi_attribute 30, 1
  11              		.eabi_attribute 34, 1
  12              		.eabi_attribute 18, 4
  13              		.thumb
  14              		.syntax unified
  15              		.file	"isr_func.c"
  16              		.text
  17              	.Ltext0:
  18              		.cfi_sections	.debug_frame
  19              		.section	.text.start_motor_forward,"ax",%progbits
  20              		.align	2
  21              		.global	start_motor_forward
  22              		.thumb
  23              		.thumb_func
  24              		.type	start_motor_forward, %function
  25              	start_motor_forward:
  26              	.LFB0:
  27              		.file 1 "isr_func.c"
   1:isr_func.c    **** /* ========================================
   2:isr_func.c    ****  *
   3:isr_func.c    ****  * Copyright YOUR COMPANY, THE YEAR
   4:isr_func.c    ****  * All Rights Reserved
   5:isr_func.c    ****  * UNPUBLISHED, LICENSED SOFTWARE.
   6:isr_func.c    ****  *
   7:isr_func.c    ****  * CONFIDENTIAL AND PROPRIETARY INFORMATION
   8:isr_func.c    ****  * WHICH IS THE PROPERTY OF your company.
   9:isr_func.c    ****  *
  10:isr_func.c    ****  * ========================================
  11:isr_func.c    **** */
  12:isr_func.c    **** 
  13:isr_func.c    **** #include <isr_func.h>
  14:isr_func.c    **** 
  15:isr_func.c    **** inline void start_motor_forward(void)
  16:isr_func.c    **** {
  28              		.loc 1 16 0
  29              		.cfi_startproc
  30              		@ args = 0, pretend = 0, frame = 0
  31              		@ frame_needed = 0, uses_anonymous_args = 0
  32 0000 08B5     		push	{r3, lr}
  33              		.cfi_def_cfa_offset 8
  34              		.cfi_offset 3, -8
  35              		.cfi_offset 14, -4
  17:isr_func.c    ****     Pin_DC_Motor_Write(0b10);   
  36              		.loc 1 17 0
  37 0002 0220     		movs	r0, #2
  38 0004 FFF7FEFF 		bl	Pin_DC_Motor_Write
  39              	.LVL0:
  40 0008 08BD     		pop	{r3, pc}
ARM GAS  C:\Users\JACOB-~1\AppData\Local\Temp\cc0Q2GnA.s 			page 2


  41              		.cfi_endproc
  42              	.LFE0:
  43              		.size	start_motor_forward, .-start_motor_forward
  44 000a 00BF     		.section	.text.start_motor_backward,"ax",%progbits
  45              		.align	2
  46              		.global	start_motor_backward
  47              		.thumb
  48              		.thumb_func
  49              		.type	start_motor_backward, %function
  50              	start_motor_backward:
  51              	.LFB1:
  18:isr_func.c    **** }
  19:isr_func.c    **** 
  20:isr_func.c    **** inline void start_motor_backward(void)
  21:isr_func.c    **** {
  52              		.loc 1 21 0
  53              		.cfi_startproc
  54              		@ args = 0, pretend = 0, frame = 0
  55              		@ frame_needed = 0, uses_anonymous_args = 0
  56 0000 08B5     		push	{r3, lr}
  57              		.cfi_def_cfa_offset 8
  58              		.cfi_offset 3, -8
  59              		.cfi_offset 14, -4
  22:isr_func.c    ****     Pin_DC_Motor_Write(0b01);
  60              		.loc 1 22 0
  61 0002 0120     		movs	r0, #1
  62 0004 FFF7FEFF 		bl	Pin_DC_Motor_Write
  63              	.LVL1:
  64 0008 08BD     		pop	{r3, pc}
  65              		.cfi_endproc
  66              	.LFE1:
  67              		.size	start_motor_backward, .-start_motor_backward
  68 000a 00BF     		.section	.text.stop_motor,"ax",%progbits
  69              		.align	2
  70              		.global	stop_motor
  71              		.thumb
  72              		.thumb_func
  73              		.type	stop_motor, %function
  74              	stop_motor:
  75              	.LFB2:
  23:isr_func.c    **** }
  24:isr_func.c    **** 
  25:isr_func.c    **** inline void stop_motor(void)
  26:isr_func.c    **** {
  76              		.loc 1 26 0
  77              		.cfi_startproc
  78              		@ args = 0, pretend = 0, frame = 0
  79              		@ frame_needed = 0, uses_anonymous_args = 0
  80 0000 08B5     		push	{r3, lr}
  81              		.cfi_def_cfa_offset 8
  82              		.cfi_offset 3, -8
  83              		.cfi_offset 14, -4
  27:isr_func.c    ****     Pin_DC_Motor_Write(0b00);
  84              		.loc 1 27 0
  85 0002 0020     		movs	r0, #0
  86 0004 FFF7FEFF 		bl	Pin_DC_Motor_Write
  87              	.LVL2:
ARM GAS  C:\Users\JACOB-~1\AppData\Local\Temp\cc0Q2GnA.s 			page 3


  88 0008 08BD     		pop	{r3, pc}
  89              		.cfi_endproc
  90              	.LFE2:
  91              		.size	stop_motor, .-stop_motor
  92 000a 00BF     		.text
  93              	.Letext0:
  94              		.file 2 "Generated_Source\\PSoC5/Pin_DC_Motor.h"
  95              		.section	.debug_info,"",%progbits
  96              	.Ldebug_info0:
  97 0000 F7000000 		.4byte	0xf7
  98 0004 0400     		.2byte	0x4
  99 0006 00000000 		.4byte	.Ldebug_abbrev0
 100 000a 04       		.byte	0x4
 101 000b 01       		.uleb128 0x1
 102 000c 1F000000 		.4byte	.LASF15
 103 0010 0C       		.byte	0xc
 104 0011 32010000 		.4byte	.LASF16
 105 0015 57010000 		.4byte	.LASF17
 106 0019 00000000 		.4byte	.Ldebug_ranges0+0
 107 001d 00000000 		.4byte	0
 108 0021 00000000 		.4byte	.Ldebug_line0
 109 0025 02       		.uleb128 0x2
 110 0026 01       		.byte	0x1
 111 0027 06       		.byte	0x6
 112 0028 D6010000 		.4byte	.LASF0
 113 002c 02       		.uleb128 0x2
 114 002d 01       		.byte	0x1
 115 002e 08       		.byte	0x8
 116 002f 11000000 		.4byte	.LASF1
 117 0033 02       		.uleb128 0x2
 118 0034 02       		.byte	0x2
 119 0035 05       		.byte	0x5
 120 0036 C3010000 		.4byte	.LASF2
 121 003a 02       		.uleb128 0x2
 122 003b 02       		.byte	0x2
 123 003c 07       		.byte	0x7
 124 003d BF000000 		.4byte	.LASF3
 125 0041 02       		.uleb128 0x2
 126 0042 04       		.byte	0x4
 127 0043 05       		.byte	0x5
 128 0044 CD010000 		.4byte	.LASF4
 129 0048 02       		.uleb128 0x2
 130 0049 04       		.byte	0x4
 131 004a 07       		.byte	0x7
 132 004b AD000000 		.4byte	.LASF5
 133 004f 02       		.uleb128 0x2
 134 0050 08       		.byte	0x8
 135 0051 05       		.byte	0x5
 136 0052 24010000 		.4byte	.LASF6
 137 0056 02       		.uleb128 0x2
 138 0057 08       		.byte	0x8
 139 0058 07       		.byte	0x7
 140 0059 E6000000 		.4byte	.LASF7
 141 005d 03       		.uleb128 0x3
 142 005e 04       		.byte	0x4
 143 005f 05       		.byte	0x5
 144 0060 696E7400 		.ascii	"int\000"
ARM GAS  C:\Users\JACOB-~1\AppData\Local\Temp\cc0Q2GnA.s 			page 4


 145 0064 02       		.uleb128 0x2
 146 0065 04       		.byte	0x4
 147 0066 07       		.byte	0x7
 148 0067 D9000000 		.4byte	.LASF8
 149 006b 02       		.uleb128 0x2
 150 006c 04       		.byte	0x4
 151 006d 04       		.byte	0x4
 152 006e 0B000000 		.4byte	.LASF9
 153 0072 02       		.uleb128 0x2
 154 0073 08       		.byte	0x8
 155 0074 04       		.byte	0x4
 156 0075 D2000000 		.4byte	.LASF10
 157 0079 02       		.uleb128 0x2
 158 007a 01       		.byte	0x1
 159 007b 08       		.byte	0x8
 160 007c 3D010000 		.4byte	.LASF11
 161 0080 04       		.uleb128 0x4
 162 0081 10010000 		.4byte	.LASF12
 163 0085 01       		.byte	0x1
 164 0086 0F       		.byte	0xf
 165 0087 00000000 		.4byte	.LFB0
 166 008b 0A000000 		.4byte	.LFE0-.LFB0
 167 008f 01       		.uleb128 0x1
 168 0090 9C       		.byte	0x9c
 169 0091 A5000000 		.4byte	0xa5
 170 0095 05       		.uleb128 0x5
 171 0096 08000000 		.4byte	.LVL0
 172 009a EF000000 		.4byte	0xef
 173 009e 06       		.uleb128 0x6
 174 009f 01       		.uleb128 0x1
 175 00a0 50       		.byte	0x50
 176 00a1 01       		.uleb128 0x1
 177 00a2 32       		.byte	0x32
 178 00a3 00       		.byte	0
 179 00a4 00       		.byte	0
 180 00a5 04       		.uleb128 0x4
 181 00a6 42010000 		.4byte	.LASF13
 182 00aa 01       		.byte	0x1
 183 00ab 14       		.byte	0x14
 184 00ac 00000000 		.4byte	.LFB1
 185 00b0 0A000000 		.4byte	.LFE1-.LFB1
 186 00b4 01       		.uleb128 0x1
 187 00b5 9C       		.byte	0x9c
 188 00b6 CA000000 		.4byte	0xca
 189 00ba 05       		.uleb128 0x5
 190 00bb 08000000 		.4byte	.LVL1
 191 00bf EF000000 		.4byte	0xef
 192 00c3 06       		.uleb128 0x6
 193 00c4 01       		.uleb128 0x1
 194 00c5 50       		.byte	0x50
 195 00c6 01       		.uleb128 0x1
 196 00c7 31       		.byte	0x31
 197 00c8 00       		.byte	0
 198 00c9 00       		.byte	0
 199 00ca 04       		.uleb128 0x4
 200 00cb 00000000 		.4byte	.LASF14
 201 00cf 01       		.byte	0x1
ARM GAS  C:\Users\JACOB-~1\AppData\Local\Temp\cc0Q2GnA.s 			page 5


 202 00d0 19       		.byte	0x19
 203 00d1 00000000 		.4byte	.LFB2
 204 00d5 0A000000 		.4byte	.LFE2-.LFB2
 205 00d9 01       		.uleb128 0x1
 206 00da 9C       		.byte	0x9c
 207 00db EF000000 		.4byte	0xef
 208 00df 05       		.uleb128 0x5
 209 00e0 08000000 		.4byte	.LVL2
 210 00e4 EF000000 		.4byte	0xef
 211 00e8 06       		.uleb128 0x6
 212 00e9 01       		.uleb128 0x1
 213 00ea 50       		.byte	0x50
 214 00eb 01       		.uleb128 0x1
 215 00ec 30       		.byte	0x30
 216 00ed 00       		.byte	0
 217 00ee 00       		.byte	0
 218 00ef 07       		.uleb128 0x7
 219 00f0 FD000000 		.4byte	.LASF18
 220 00f4 FD000000 		.4byte	.LASF18
 221 00f8 02       		.byte	0x2
 222 00f9 26       		.byte	0x26
 223 00fa 00       		.byte	0
 224              		.section	.debug_abbrev,"",%progbits
 225              	.Ldebug_abbrev0:
 226 0000 01       		.uleb128 0x1
 227 0001 11       		.uleb128 0x11
 228 0002 01       		.byte	0x1
 229 0003 25       		.uleb128 0x25
 230 0004 0E       		.uleb128 0xe
 231 0005 13       		.uleb128 0x13
 232 0006 0B       		.uleb128 0xb
 233 0007 03       		.uleb128 0x3
 234 0008 0E       		.uleb128 0xe
 235 0009 1B       		.uleb128 0x1b
 236 000a 0E       		.uleb128 0xe
 237 000b 55       		.uleb128 0x55
 238 000c 17       		.uleb128 0x17
 239 000d 11       		.uleb128 0x11
 240 000e 01       		.uleb128 0x1
 241 000f 10       		.uleb128 0x10
 242 0010 17       		.uleb128 0x17
 243 0011 00       		.byte	0
 244 0012 00       		.byte	0
 245 0013 02       		.uleb128 0x2
 246 0014 24       		.uleb128 0x24
 247 0015 00       		.byte	0
 248 0016 0B       		.uleb128 0xb
 249 0017 0B       		.uleb128 0xb
 250 0018 3E       		.uleb128 0x3e
 251 0019 0B       		.uleb128 0xb
 252 001a 03       		.uleb128 0x3
 253 001b 0E       		.uleb128 0xe
 254 001c 00       		.byte	0
 255 001d 00       		.byte	0
 256 001e 03       		.uleb128 0x3
 257 001f 24       		.uleb128 0x24
 258 0020 00       		.byte	0
ARM GAS  C:\Users\JACOB-~1\AppData\Local\Temp\cc0Q2GnA.s 			page 6


 259 0021 0B       		.uleb128 0xb
 260 0022 0B       		.uleb128 0xb
 261 0023 3E       		.uleb128 0x3e
 262 0024 0B       		.uleb128 0xb
 263 0025 03       		.uleb128 0x3
 264 0026 08       		.uleb128 0x8
 265 0027 00       		.byte	0
 266 0028 00       		.byte	0
 267 0029 04       		.uleb128 0x4
 268 002a 2E       		.uleb128 0x2e
 269 002b 01       		.byte	0x1
 270 002c 3F       		.uleb128 0x3f
 271 002d 19       		.uleb128 0x19
 272 002e 03       		.uleb128 0x3
 273 002f 0E       		.uleb128 0xe
 274 0030 3A       		.uleb128 0x3a
 275 0031 0B       		.uleb128 0xb
 276 0032 3B       		.uleb128 0x3b
 277 0033 0B       		.uleb128 0xb
 278 0034 27       		.uleb128 0x27
 279 0035 19       		.uleb128 0x19
 280 0036 11       		.uleb128 0x11
 281 0037 01       		.uleb128 0x1
 282 0038 12       		.uleb128 0x12
 283 0039 06       		.uleb128 0x6
 284 003a 40       		.uleb128 0x40
 285 003b 18       		.uleb128 0x18
 286 003c 9742     		.uleb128 0x2117
 287 003e 19       		.uleb128 0x19
 288 003f 01       		.uleb128 0x1
 289 0040 13       		.uleb128 0x13
 290 0041 00       		.byte	0
 291 0042 00       		.byte	0
 292 0043 05       		.uleb128 0x5
 293 0044 898201   		.uleb128 0x4109
 294 0047 01       		.byte	0x1
 295 0048 11       		.uleb128 0x11
 296 0049 01       		.uleb128 0x1
 297 004a 31       		.uleb128 0x31
 298 004b 13       		.uleb128 0x13
 299 004c 00       		.byte	0
 300 004d 00       		.byte	0
 301 004e 06       		.uleb128 0x6
 302 004f 8A8201   		.uleb128 0x410a
 303 0052 00       		.byte	0
 304 0053 02       		.uleb128 0x2
 305 0054 18       		.uleb128 0x18
 306 0055 9142     		.uleb128 0x2111
 307 0057 18       		.uleb128 0x18
 308 0058 00       		.byte	0
 309 0059 00       		.byte	0
 310 005a 07       		.uleb128 0x7
 311 005b 2E       		.uleb128 0x2e
 312 005c 00       		.byte	0
 313 005d 3F       		.uleb128 0x3f
 314 005e 19       		.uleb128 0x19
 315 005f 3C       		.uleb128 0x3c
ARM GAS  C:\Users\JACOB-~1\AppData\Local\Temp\cc0Q2GnA.s 			page 7


 316 0060 19       		.uleb128 0x19
 317 0061 6E       		.uleb128 0x6e
 318 0062 0E       		.uleb128 0xe
 319 0063 03       		.uleb128 0x3
 320 0064 0E       		.uleb128 0xe
 321 0065 3A       		.uleb128 0x3a
 322 0066 0B       		.uleb128 0xb
 323 0067 3B       		.uleb128 0x3b
 324 0068 0B       		.uleb128 0xb
 325 0069 00       		.byte	0
 326 006a 00       		.byte	0
 327 006b 00       		.byte	0
 328              		.section	.debug_aranges,"",%progbits
 329 0000 2C000000 		.4byte	0x2c
 330 0004 0200     		.2byte	0x2
 331 0006 00000000 		.4byte	.Ldebug_info0
 332 000a 04       		.byte	0x4
 333 000b 00       		.byte	0
 334 000c 0000     		.2byte	0
 335 000e 0000     		.2byte	0
 336 0010 00000000 		.4byte	.LFB0
 337 0014 0A000000 		.4byte	.LFE0-.LFB0
 338 0018 00000000 		.4byte	.LFB1
 339 001c 0A000000 		.4byte	.LFE1-.LFB1
 340 0020 00000000 		.4byte	.LFB2
 341 0024 0A000000 		.4byte	.LFE2-.LFB2
 342 0028 00000000 		.4byte	0
 343 002c 00000000 		.4byte	0
 344              		.section	.debug_ranges,"",%progbits
 345              	.Ldebug_ranges0:
 346 0000 00000000 		.4byte	.LFB0
 347 0004 0A000000 		.4byte	.LFE0
 348 0008 00000000 		.4byte	.LFB1
 349 000c 0A000000 		.4byte	.LFE1
 350 0010 00000000 		.4byte	.LFB2
 351 0014 0A000000 		.4byte	.LFE2
 352 0018 00000000 		.4byte	0
 353 001c 00000000 		.4byte	0
 354              		.section	.debug_line,"",%progbits
 355              	.Ldebug_line0:
 356 0000 80000000 		.section	.debug_str,"MS",%progbits,1
 356      02004A00 
 356      00000201 
 356      FB0E0D00 
 356      01010101 
 357              	.LASF14:
 358 0000 73746F70 		.ascii	"stop_motor\000"
 358      5F6D6F74 
 358      6F7200
 359              	.LASF9:
 360 000b 666C6F61 		.ascii	"float\000"
 360      7400
 361              	.LASF1:
 362 0011 756E7369 		.ascii	"unsigned char\000"
 362      676E6564 
 362      20636861 
 362      7200
ARM GAS  C:\Users\JACOB-~1\AppData\Local\Temp\cc0Q2GnA.s 			page 8


 363              	.LASF15:
 364 001f 474E5520 		.ascii	"GNU C11 5.4.1 20160609 (release) [ARM/embedded-5-br"
 364      43313120 
 364      352E342E 
 364      31203230 
 364      31363036 
 365 0052 616E6368 		.ascii	"anch revision 237715] -mcpu=cortex-m3 -mthumb -g -O"
 365      20726576 
 365      6973696F 
 365      6E203233 
 365      37373135 
 366 0085 67202D66 		.ascii	"g -ffunction-sections -ffat-lto-objects\000"
 366      66756E63 
 366      74696F6E 
 366      2D736563 
 366      74696F6E 
 367              	.LASF5:
 368 00ad 6C6F6E67 		.ascii	"long unsigned int\000"
 368      20756E73 
 368      69676E65 
 368      6420696E 
 368      7400
 369              	.LASF3:
 370 00bf 73686F72 		.ascii	"short unsigned int\000"
 370      7420756E 
 370      7369676E 
 370      65642069 
 370      6E7400
 371              	.LASF10:
 372 00d2 646F7562 		.ascii	"double\000"
 372      6C6500
 373              	.LASF8:
 374 00d9 756E7369 		.ascii	"unsigned int\000"
 374      676E6564 
 374      20696E74 
 374      00
 375              	.LASF7:
 376 00e6 6C6F6E67 		.ascii	"long long unsigned int\000"
 376      206C6F6E 
 376      6720756E 
 376      7369676E 
 376      65642069 
 377              	.LASF18:
 378 00fd 50696E5F 		.ascii	"Pin_DC_Motor_Write\000"
 378      44435F4D 
 378      6F746F72 
 378      5F577269 
 378      746500
 379              	.LASF12:
 380 0110 73746172 		.ascii	"start_motor_forward\000"
 380      745F6D6F 
 380      746F725F 
 380      666F7277 
 380      61726400 
 381              	.LASF6:
 382 0124 6C6F6E67 		.ascii	"long long int\000"
 382      206C6F6E 
ARM GAS  C:\Users\JACOB-~1\AppData\Local\Temp\cc0Q2GnA.s 			page 9


 382      6720696E 
 382      7400
 383              	.LASF16:
 384 0132 6973725F 		.ascii	"isr_func.c\000"
 384      66756E63 
 384      2E6300
 385              	.LASF11:
 386 013d 63686172 		.ascii	"char\000"
 386      00
 387              	.LASF13:
 388 0142 73746172 		.ascii	"start_motor_backward\000"
 388      745F6D6F 
 388      746F725F 
 388      6261636B 
 388      77617264 
 389              	.LASF17:
 390 0157 433A5C55 		.ascii	"C:\\Users\\Jacob-Desktop\\Documents\\PSoC-Projects\\"
 390      73657273 
 390      5C4A6163 
 390      6F622D44 
 390      65736B74 
 391 0186 4175746F 		.ascii	"Automatic-Door\\Automatic Door Workspace\\Automatic"
 391      6D617469 
 391      632D446F 
 391      6F725C41 
 391      75746F6D 
 392 01b7 20446F6F 		.ascii	" Door.cydsn\000"
 392      722E6379 
 392      64736E00 
 393              	.LASF2:
 394 01c3 73686F72 		.ascii	"short int\000"
 394      7420696E 
 394      7400
 395              	.LASF4:
 396 01cd 6C6F6E67 		.ascii	"long int\000"
 396      20696E74 
 396      00
 397              	.LASF0:
 398 01d6 7369676E 		.ascii	"signed char\000"
 398      65642063 
 398      68617200 
 399              		.ident	"GCC: (GNU Tools for ARM Embedded Processors) 5.4.1 20160609 (release) [ARM/embedded-5-bran
