ARM GAS  C:\Users\JACOB-~1\AppData\Local\Temp\ccaku7IL.s 			page 1


   1              		.syntax unified
   2              		.cpu cortex-m3
   3              		.fpu softvfp
   4              		.eabi_attribute 20, 1
   5              		.eabi_attribute 21, 1
   6              		.eabi_attribute 23, 3
   7              		.eabi_attribute 24, 1
   8              		.eabi_attribute 25, 1
   9              		.eabi_attribute 26, 1
  10              		.eabi_attribute 30, 1
  11              		.eabi_attribute 34, 1
  12              		.eabi_attribute 18, 4
  13              		.thumb
  14              		.syntax unified
  15              		.file	"main.c"
  16              		.text
  17              	.Ltext0:
  18              		.cfi_sections	.debug_frame
  19              		.section	.text.main,"ax",%progbits
  20              		.align	2
  21              		.global	main
  22              		.thumb
  23              		.thumb_func
  24              		.type	main, %function
  25              	main:
  26              	.LFB63:
  27              		.file 1 "main.c"
   1:main.c        **** /* ========================================
   2:main.c        ****  *
   3:main.c        ****  * Copyright YOUR COMPANY, THE YEAR
   4:main.c        ****  * All Rights Reserved
   5:main.c        ****  * UNPUBLISHED, LICENSED SOFTWARE.
   6:main.c        ****  *
   7:main.c        ****  * CONFIDENTIAL AND PROPRIETARY INFORMATION
   8:main.c        ****  * WHICH IS THE PROPERTY OF your company.
   9:main.c        ****  *
  10:main.c        ****  * ========================================
  11:main.c        **** */
  12:main.c        **** #include "project.h"
  13:main.c        **** #include <global.h>
  14:main.c        **** 
  15:main.c        **** int main(void)
  16:main.c        **** {
  28              		.loc 1 16 0
  29              		.cfi_startproc
  30              		@ Volatile: function does not return.
  31              		@ args = 0, pretend = 0, frame = 0
  32              		@ frame_needed = 0, uses_anonymous_args = 0
  33 0000 08B5     		push	{r3, lr}
  34              		.cfi_def_cfa_offset 8
  35              		.cfi_offset 3, -8
  36              		.cfi_offset 14, -4
  17:main.c        ****     CyGlobalIntEnable; /* Enable global interrupts. */
  37              		.loc 1 17 0
  38              		.syntax unified
  39              	@ 17 "main.c" 1
  40 0002 62B6     		CPSIE   i
ARM GAS  C:\Users\JACOB-~1\AppData\Local\Temp\ccaku7IL.s 			page 2


  41              	@ 0 "" 2
  18:main.c        **** 
  19:main.c        ****     /* Place your initialization/startup code here (e.g. MyInst_Start()) */
  20:main.c        ****     
  21:main.c        ****     isr_start_backward_Enable();
  42              		.loc 1 21 0
  43              		.thumb
  44              		.syntax unified
  45 0004 FFF7FEFF 		bl	isr_start_backward_Enable
  46              	.LVL0:
  22:main.c        ****     isr_start_forward_Enable();
  47              		.loc 1 22 0
  48 0008 FFF7FEFF 		bl	isr_start_forward_Enable
  49              	.LVL1:
  23:main.c        ****     isr_stop_Enable();
  50              		.loc 1 23 0
  51 000c FFF7FEFF 		bl	isr_stop_Enable
  52              	.LVL2:
  24:main.c        ****     
  25:main.c        ****     isr_start_backward_SetPriority(1);
  53              		.loc 1 25 0
  54 0010 0120     		movs	r0, #1
  55 0012 FFF7FEFF 		bl	isr_start_backward_SetPriority
  56              	.LVL3:
  26:main.c        ****     isr_start_forward_SetPriority(1);
  57              		.loc 1 26 0
  58 0016 0120     		movs	r0, #1
  59 0018 FFF7FEFF 		bl	isr_start_forward_SetPriority
  60              	.LVL4:
  27:main.c        ****     isr_stop_SetPriority(0);
  61              		.loc 1 27 0
  62 001c 0020     		movs	r0, #0
  63 001e FFF7FEFF 		bl	isr_stop_SetPriority
  64              	.LVL5:
  65              	.L2:
  66 0022 FEE7     		b	.L2
  67              		.cfi_endproc
  68              	.LFE63:
  69              		.size	main, .-main
  70              		.text
  71              	.Letext0:
  72              		.file 2 "c:\\program files (x86)\\cypress\\psoc creator\\4.3\\psoc creator\\import\\gnu\\arm\\5.4.
  73              		.file 3 "c:\\program files (x86)\\cypress\\psoc creator\\4.3\\psoc creator\\import\\gnu\\arm\\5.4.
  74              		.file 4 "Generated_Source\\PSoC5/isr_start_backward.h"
  75              		.file 5 "Generated_Source\\PSoC5/isr_start_forward.h"
  76              		.file 6 "Generated_Source\\PSoC5/isr_stop.h"
  77              		.file 7 "Generated_Source\\PSoC5/core_cm3.h"
  78              		.section	.debug_info,"",%progbits
  79              	.Ldebug_info0:
  80 0000 5E010000 		.4byte	0x15e
  81 0004 0400     		.2byte	0x4
  82 0006 00000000 		.4byte	.Ldebug_abbrev0
  83 000a 04       		.byte	0x4
  84 000b 01       		.uleb128 0x1
  85 000c 73000000 		.4byte	.LASF22
  86 0010 0C       		.byte	0xc
  87 0011 67000000 		.4byte	.LASF23
ARM GAS  C:\Users\JACOB-~1\AppData\Local\Temp\ccaku7IL.s 			page 3


  88 0015 C5010000 		.4byte	.LASF24
  89 0019 00000000 		.4byte	.Ldebug_ranges0+0
  90 001d 00000000 		.4byte	0
  91 0021 00000000 		.4byte	.Ldebug_line0
  92 0025 02       		.uleb128 0x2
  93 0026 01       		.byte	0x1
  94 0027 06       		.byte	0x6
  95 0028 88010000 		.4byte	.LASF0
  96 002c 02       		.uleb128 0x2
  97 002d 01       		.byte	0x1
  98 002e 08       		.byte	0x8
  99 002f 48010000 		.4byte	.LASF1
 100 0033 02       		.uleb128 0x2
 101 0034 02       		.byte	0x2
 102 0035 05       		.byte	0x5
 103 0036 31020000 		.4byte	.LASF2
 104 003a 02       		.uleb128 0x2
 105 003b 02       		.byte	0x2
 106 003c 07       		.byte	0x7
 107 003d 0E000000 		.4byte	.LASF3
 108 0041 03       		.uleb128 0x3
 109 0042 B5010000 		.4byte	.LASF9
 110 0046 02       		.byte	0x2
 111 0047 3F       		.byte	0x3f
 112 0048 4C000000 		.4byte	0x4c
 113 004c 02       		.uleb128 0x2
 114 004d 04       		.byte	0x4
 115 004e 05       		.byte	0x5
 116 004f 6B010000 		.4byte	.LASF4
 117 0053 02       		.uleb128 0x2
 118 0054 04       		.byte	0x4
 119 0055 07       		.byte	0x7
 120 0056 01010000 		.4byte	.LASF5
 121 005a 02       		.uleb128 0x2
 122 005b 08       		.byte	0x8
 123 005c 05       		.byte	0x5
 124 005d 00000000 		.4byte	.LASF6
 125 0061 02       		.uleb128 0x2
 126 0062 08       		.byte	0x8
 127 0063 07       		.byte	0x7
 128 0064 13010000 		.4byte	.LASF7
 129 0068 04       		.uleb128 0x4
 130 0069 04       		.byte	0x4
 131 006a 05       		.byte	0x5
 132 006b 696E7400 		.ascii	"int\000"
 133 006f 02       		.uleb128 0x2
 134 0070 04       		.byte	0x4
 135 0071 07       		.byte	0x7
 136 0072 21000000 		.4byte	.LASF8
 137 0076 03       		.uleb128 0x3
 138 0077 3B020000 		.4byte	.LASF10
 139 007b 03       		.byte	0x3
 140 007c 2C       		.byte	0x2c
 141 007d 41000000 		.4byte	0x41
 142 0081 02       		.uleb128 0x2
 143 0082 04       		.byte	0x4
 144 0083 04       		.byte	0x4
ARM GAS  C:\Users\JACOB-~1\AppData\Local\Temp\ccaku7IL.s 			page 4


 145 0084 BF010000 		.4byte	.LASF11
 146 0088 02       		.uleb128 0x2
 147 0089 08       		.byte	0x8
 148 008a 04       		.byte	0x4
 149 008b 74010000 		.4byte	.LASF12
 150 008f 02       		.uleb128 0x2
 151 0090 01       		.byte	0x1
 152 0091 08       		.byte	0x8
 153 0092 66010000 		.4byte	.LASF13
 154 0096 02       		.uleb128 0x2
 155 0097 04       		.byte	0x4
 156 0098 07       		.byte	0x7
 157 0099 5C020000 		.4byte	.LASF14
 158 009d 02       		.uleb128 0x2
 159 009e 08       		.byte	0x8
 160 009f 04       		.byte	0x4
 161 00a0 94010000 		.4byte	.LASF15
 162 00a4 05       		.uleb128 0x5
 163 00a5 6E000000 		.4byte	.LASF25
 164 00a9 01       		.byte	0x1
 165 00aa 0F       		.byte	0xf
 166 00ab 68000000 		.4byte	0x68
 167 00af 00000000 		.4byte	.LFB63
 168 00b3 24000000 		.4byte	.LFE63-.LFB63
 169 00b7 01       		.uleb128 0x1
 170 00b8 9C       		.byte	0x9c
 171 00b9 0E010000 		.4byte	0x10e
 172 00bd 06       		.uleb128 0x6
 173 00be 08000000 		.4byte	.LVL0
 174 00c2 1F010000 		.4byte	0x11f
 175 00c6 06       		.uleb128 0x6
 176 00c7 0C000000 		.4byte	.LVL1
 177 00cb 2A010000 		.4byte	0x12a
 178 00cf 06       		.uleb128 0x6
 179 00d0 10000000 		.4byte	.LVL2
 180 00d4 35010000 		.4byte	0x135
 181 00d8 07       		.uleb128 0x7
 182 00d9 16000000 		.4byte	.LVL3
 183 00dd 40010000 		.4byte	0x140
 184 00e1 EB000000 		.4byte	0xeb
 185 00e5 08       		.uleb128 0x8
 186 00e6 01       		.uleb128 0x1
 187 00e7 50       		.byte	0x50
 188 00e8 01       		.uleb128 0x1
 189 00e9 31       		.byte	0x31
 190 00ea 00       		.byte	0
 191 00eb 07       		.uleb128 0x7
 192 00ec 1C000000 		.4byte	.LVL4
 193 00f0 4B010000 		.4byte	0x14b
 194 00f4 FE000000 		.4byte	0xfe
 195 00f8 08       		.uleb128 0x8
 196 00f9 01       		.uleb128 0x1
 197 00fa 50       		.byte	0x50
 198 00fb 01       		.uleb128 0x1
 199 00fc 31       		.byte	0x31
 200 00fd 00       		.byte	0
 201 00fe 09       		.uleb128 0x9
ARM GAS  C:\Users\JACOB-~1\AppData\Local\Temp\ccaku7IL.s 			page 5


 202 00ff 22000000 		.4byte	.LVL5
 203 0103 56010000 		.4byte	0x156
 204 0107 08       		.uleb128 0x8
 205 0108 01       		.uleb128 0x1
 206 0109 50       		.byte	0x50
 207 010a 01       		.uleb128 0x1
 208 010b 30       		.byte	0x30
 209 010c 00       		.byte	0
 210 010d 00       		.byte	0
 211 010e 0A       		.uleb128 0xa
 212 010f 7B010000 		.4byte	.LASF26
 213 0113 07       		.byte	0x7
 214 0114 1207     		.2byte	0x712
 215 0116 1A010000 		.4byte	0x11a
 216 011a 0B       		.uleb128 0xb
 217 011b 76000000 		.4byte	0x76
 218 011f 0C       		.uleb128 0xc
 219 0120 2E000000 		.4byte	.LASF16
 220 0124 2E000000 		.4byte	.LASF16
 221 0128 04       		.byte	0x4
 222 0129 23       		.byte	0x23
 223 012a 0C       		.uleb128 0xc
 224 012b 43020000 		.4byte	.LASF17
 225 012f 43020000 		.4byte	.LASF17
 226 0133 05       		.byte	0x5
 227 0134 23       		.byte	0x23
 228 0135 0C       		.uleb128 0xc
 229 0136 56010000 		.4byte	.LASF18
 230 013a 56010000 		.4byte	.LASF18
 231 013e 06       		.byte	0x6
 232 013f 23       		.byte	0x23
 233 0140 0C       		.uleb128 0xc
 234 0141 48000000 		.4byte	.LASF19
 235 0145 48000000 		.4byte	.LASF19
 236 0149 04       		.byte	0x4
 237 014a 20       		.byte	0x20
 238 014b 0C       		.uleb128 0xc
 239 014c 2A010000 		.4byte	.LASF20
 240 0150 2A010000 		.4byte	.LASF20
 241 0154 05       		.byte	0x5
 242 0155 20       		.byte	0x20
 243 0156 0C       		.uleb128 0xc
 244 0157 A0010000 		.4byte	.LASF21
 245 015b A0010000 		.4byte	.LASF21
 246 015f 06       		.byte	0x6
 247 0160 20       		.byte	0x20
 248 0161 00       		.byte	0
 249              		.section	.debug_abbrev,"",%progbits
 250              	.Ldebug_abbrev0:
 251 0000 01       		.uleb128 0x1
 252 0001 11       		.uleb128 0x11
 253 0002 01       		.byte	0x1
 254 0003 25       		.uleb128 0x25
 255 0004 0E       		.uleb128 0xe
 256 0005 13       		.uleb128 0x13
 257 0006 0B       		.uleb128 0xb
 258 0007 03       		.uleb128 0x3
ARM GAS  C:\Users\JACOB-~1\AppData\Local\Temp\ccaku7IL.s 			page 6


 259 0008 0E       		.uleb128 0xe
 260 0009 1B       		.uleb128 0x1b
 261 000a 0E       		.uleb128 0xe
 262 000b 55       		.uleb128 0x55
 263 000c 17       		.uleb128 0x17
 264 000d 11       		.uleb128 0x11
 265 000e 01       		.uleb128 0x1
 266 000f 10       		.uleb128 0x10
 267 0010 17       		.uleb128 0x17
 268 0011 00       		.byte	0
 269 0012 00       		.byte	0
 270 0013 02       		.uleb128 0x2
 271 0014 24       		.uleb128 0x24
 272 0015 00       		.byte	0
 273 0016 0B       		.uleb128 0xb
 274 0017 0B       		.uleb128 0xb
 275 0018 3E       		.uleb128 0x3e
 276 0019 0B       		.uleb128 0xb
 277 001a 03       		.uleb128 0x3
 278 001b 0E       		.uleb128 0xe
 279 001c 00       		.byte	0
 280 001d 00       		.byte	0
 281 001e 03       		.uleb128 0x3
 282 001f 16       		.uleb128 0x16
 283 0020 00       		.byte	0
 284 0021 03       		.uleb128 0x3
 285 0022 0E       		.uleb128 0xe
 286 0023 3A       		.uleb128 0x3a
 287 0024 0B       		.uleb128 0xb
 288 0025 3B       		.uleb128 0x3b
 289 0026 0B       		.uleb128 0xb
 290 0027 49       		.uleb128 0x49
 291 0028 13       		.uleb128 0x13
 292 0029 00       		.byte	0
 293 002a 00       		.byte	0
 294 002b 04       		.uleb128 0x4
 295 002c 24       		.uleb128 0x24
 296 002d 00       		.byte	0
 297 002e 0B       		.uleb128 0xb
 298 002f 0B       		.uleb128 0xb
 299 0030 3E       		.uleb128 0x3e
 300 0031 0B       		.uleb128 0xb
 301 0032 03       		.uleb128 0x3
 302 0033 08       		.uleb128 0x8
 303 0034 00       		.byte	0
 304 0035 00       		.byte	0
 305 0036 05       		.uleb128 0x5
 306 0037 2E       		.uleb128 0x2e
 307 0038 01       		.byte	0x1
 308 0039 3F       		.uleb128 0x3f
 309 003a 19       		.uleb128 0x19
 310 003b 03       		.uleb128 0x3
 311 003c 0E       		.uleb128 0xe
 312 003d 3A       		.uleb128 0x3a
 313 003e 0B       		.uleb128 0xb
 314 003f 3B       		.uleb128 0x3b
 315 0040 0B       		.uleb128 0xb
ARM GAS  C:\Users\JACOB-~1\AppData\Local\Temp\ccaku7IL.s 			page 7


 316 0041 27       		.uleb128 0x27
 317 0042 19       		.uleb128 0x19
 318 0043 49       		.uleb128 0x49
 319 0044 13       		.uleb128 0x13
 320 0045 8701     		.uleb128 0x87
 321 0047 19       		.uleb128 0x19
 322 0048 11       		.uleb128 0x11
 323 0049 01       		.uleb128 0x1
 324 004a 12       		.uleb128 0x12
 325 004b 06       		.uleb128 0x6
 326 004c 40       		.uleb128 0x40
 327 004d 18       		.uleb128 0x18
 328 004e 9742     		.uleb128 0x2117
 329 0050 19       		.uleb128 0x19
 330 0051 01       		.uleb128 0x1
 331 0052 13       		.uleb128 0x13
 332 0053 00       		.byte	0
 333 0054 00       		.byte	0
 334 0055 06       		.uleb128 0x6
 335 0056 898201   		.uleb128 0x4109
 336 0059 00       		.byte	0
 337 005a 11       		.uleb128 0x11
 338 005b 01       		.uleb128 0x1
 339 005c 31       		.uleb128 0x31
 340 005d 13       		.uleb128 0x13
 341 005e 00       		.byte	0
 342 005f 00       		.byte	0
 343 0060 07       		.uleb128 0x7
 344 0061 898201   		.uleb128 0x4109
 345 0064 01       		.byte	0x1
 346 0065 11       		.uleb128 0x11
 347 0066 01       		.uleb128 0x1
 348 0067 31       		.uleb128 0x31
 349 0068 13       		.uleb128 0x13
 350 0069 01       		.uleb128 0x1
 351 006a 13       		.uleb128 0x13
 352 006b 00       		.byte	0
 353 006c 00       		.byte	0
 354 006d 08       		.uleb128 0x8
 355 006e 8A8201   		.uleb128 0x410a
 356 0071 00       		.byte	0
 357 0072 02       		.uleb128 0x2
 358 0073 18       		.uleb128 0x18
 359 0074 9142     		.uleb128 0x2111
 360 0076 18       		.uleb128 0x18
 361 0077 00       		.byte	0
 362 0078 00       		.byte	0
 363 0079 09       		.uleb128 0x9
 364 007a 898201   		.uleb128 0x4109
 365 007d 01       		.byte	0x1
 366 007e 11       		.uleb128 0x11
 367 007f 01       		.uleb128 0x1
 368 0080 31       		.uleb128 0x31
 369 0081 13       		.uleb128 0x13
 370 0082 00       		.byte	0
 371 0083 00       		.byte	0
 372 0084 0A       		.uleb128 0xa
ARM GAS  C:\Users\JACOB-~1\AppData\Local\Temp\ccaku7IL.s 			page 8


 373 0085 34       		.uleb128 0x34
 374 0086 00       		.byte	0
 375 0087 03       		.uleb128 0x3
 376 0088 0E       		.uleb128 0xe
 377 0089 3A       		.uleb128 0x3a
 378 008a 0B       		.uleb128 0xb
 379 008b 3B       		.uleb128 0x3b
 380 008c 05       		.uleb128 0x5
 381 008d 49       		.uleb128 0x49
 382 008e 13       		.uleb128 0x13
 383 008f 3F       		.uleb128 0x3f
 384 0090 19       		.uleb128 0x19
 385 0091 3C       		.uleb128 0x3c
 386 0092 19       		.uleb128 0x19
 387 0093 00       		.byte	0
 388 0094 00       		.byte	0
 389 0095 0B       		.uleb128 0xb
 390 0096 35       		.uleb128 0x35
 391 0097 00       		.byte	0
 392 0098 49       		.uleb128 0x49
 393 0099 13       		.uleb128 0x13
 394 009a 00       		.byte	0
 395 009b 00       		.byte	0
 396 009c 0C       		.uleb128 0xc
 397 009d 2E       		.uleb128 0x2e
 398 009e 00       		.byte	0
 399 009f 3F       		.uleb128 0x3f
 400 00a0 19       		.uleb128 0x19
 401 00a1 3C       		.uleb128 0x3c
 402 00a2 19       		.uleb128 0x19
 403 00a3 6E       		.uleb128 0x6e
 404 00a4 0E       		.uleb128 0xe
 405 00a5 03       		.uleb128 0x3
 406 00a6 0E       		.uleb128 0xe
 407 00a7 3A       		.uleb128 0x3a
 408 00a8 0B       		.uleb128 0xb
 409 00a9 3B       		.uleb128 0x3b
 410 00aa 0B       		.uleb128 0xb
 411 00ab 00       		.byte	0
 412 00ac 00       		.byte	0
 413 00ad 00       		.byte	0
 414              		.section	.debug_aranges,"",%progbits
 415 0000 1C000000 		.4byte	0x1c
 416 0004 0200     		.2byte	0x2
 417 0006 00000000 		.4byte	.Ldebug_info0
 418 000a 04       		.byte	0x4
 419 000b 00       		.byte	0
 420 000c 0000     		.2byte	0
 421 000e 0000     		.2byte	0
 422 0010 00000000 		.4byte	.LFB63
 423 0014 24000000 		.4byte	.LFE63-.LFB63
 424 0018 00000000 		.4byte	0
 425 001c 00000000 		.4byte	0
 426              		.section	.debug_ranges,"",%progbits
 427              	.Ldebug_ranges0:
 428 0000 00000000 		.4byte	.LFB63
 429 0004 24000000 		.4byte	.LFE63
ARM GAS  C:\Users\JACOB-~1\AppData\Local\Temp\ccaku7IL.s 			page 9


 430 0008 00000000 		.4byte	0
 431 000c 00000000 		.4byte	0
 432              		.section	.debug_line,"",%progbits
 433              	.Ldebug_line0:
 434 0000 98010000 		.section	.debug_str,"MS",%progbits,1
 434      02007C01 
 434      00000201 
 434      FB0E0D00 
 434      01010101 
 435              	.LASF6:
 436 0000 6C6F6E67 		.ascii	"long long int\000"
 436      206C6F6E 
 436      6720696E 
 436      7400
 437              	.LASF3:
 438 000e 73686F72 		.ascii	"short unsigned int\000"
 438      7420756E 
 438      7369676E 
 438      65642069 
 438      6E7400
 439              	.LASF8:
 440 0021 756E7369 		.ascii	"unsigned int\000"
 440      676E6564 
 440      20696E74 
 440      00
 441              	.LASF16:
 442 002e 6973725F 		.ascii	"isr_start_backward_Enable\000"
 442      73746172 
 442      745F6261 
 442      636B7761 
 442      72645F45 
 443              	.LASF19:
 444 0048 6973725F 		.ascii	"isr_start_backward_SetPriority\000"
 444      73746172 
 444      745F6261 
 444      636B7761 
 444      72645F53 
 445              	.LASF23:
 446 0067 6D61696E 		.ascii	"main.c\000"
 446      2E6300
 447              	.LASF25:
 448 006e 6D61696E 		.ascii	"main\000"
 448      00
 449              	.LASF22:
 450 0073 474E5520 		.ascii	"GNU C11 5.4.1 20160609 (release) [ARM/embedded-5-br"
 450      43313120 
 450      352E342E 
 450      31203230 
 450      31363036 
 451 00a6 616E6368 		.ascii	"anch revision 237715] -mcpu=cortex-m3 -mthumb -g -O"
 451      20726576 
 451      6973696F 
 451      6E203233 
 451      37373135 
 452 00d9 67202D66 		.ascii	"g -ffunction-sections -ffat-lto-objects\000"
 452      66756E63 
 452      74696F6E 
ARM GAS  C:\Users\JACOB-~1\AppData\Local\Temp\ccaku7IL.s 			page 10


 452      2D736563 
 452      74696F6E 
 453              	.LASF5:
 454 0101 6C6F6E67 		.ascii	"long unsigned int\000"
 454      20756E73 
 454      69676E65 
 454      6420696E 
 454      7400
 455              	.LASF7:
 456 0113 6C6F6E67 		.ascii	"long long unsigned int\000"
 456      206C6F6E 
 456      6720756E 
 456      7369676E 
 456      65642069 
 457              	.LASF20:
 458 012a 6973725F 		.ascii	"isr_start_forward_SetPriority\000"
 458      73746172 
 458      745F666F 
 458      72776172 
 458      645F5365 
 459              	.LASF1:
 460 0148 756E7369 		.ascii	"unsigned char\000"
 460      676E6564 
 460      20636861 
 460      7200
 461              	.LASF18:
 462 0156 6973725F 		.ascii	"isr_stop_Enable\000"
 462      73746F70 
 462      5F456E61 
 462      626C6500 
 463              	.LASF13:
 464 0166 63686172 		.ascii	"char\000"
 464      00
 465              	.LASF4:
 466 016b 6C6F6E67 		.ascii	"long int\000"
 466      20696E74 
 466      00
 467              	.LASF12:
 468 0174 646F7562 		.ascii	"double\000"
 468      6C6500
 469              	.LASF26:
 470 017b 49544D5F 		.ascii	"ITM_RxBuffer\000"
 470      52784275 
 470      66666572 
 470      00
 471              	.LASF0:
 472 0188 7369676E 		.ascii	"signed char\000"
 472      65642063 
 472      68617200 
 473              	.LASF15:
 474 0194 6C6F6E67 		.ascii	"long double\000"
 474      20646F75 
 474      626C6500 
 475              	.LASF21:
 476 01a0 6973725F 		.ascii	"isr_stop_SetPriority\000"
 476      73746F70 
 476      5F536574 
ARM GAS  C:\Users\JACOB-~1\AppData\Local\Temp\ccaku7IL.s 			page 11


 476      5072696F 
 476      72697479 
 477              	.LASF9:
 478 01b5 5F5F696E 		.ascii	"__int32_t\000"
 478      7433325F 
 478      7400
 479              	.LASF11:
 480 01bf 666C6F61 		.ascii	"float\000"
 480      7400
 481              	.LASF24:
 482 01c5 433A5C55 		.ascii	"C:\\Users\\Jacob-Desktop\\Documents\\PSoC-Projects\\"
 482      73657273 
 482      5C4A6163 
 482      6F622D44 
 482      65736B74 
 483 01f4 4175746F 		.ascii	"Automatic-Door\\Automatic Door Workspace\\Automatic"
 483      6D617469 
 483      632D446F 
 483      6F725C41 
 483      75746F6D 
 484 0225 20446F6F 		.ascii	" Door.cydsn\000"
 484      722E6379 
 484      64736E00 
 485              	.LASF2:
 486 0231 73686F72 		.ascii	"short int\000"
 486      7420696E 
 486      7400
 487              	.LASF10:
 488 023b 696E7433 		.ascii	"int32_t\000"
 488      325F7400 
 489              	.LASF17:
 490 0243 6973725F 		.ascii	"isr_start_forward_Enable\000"
 490      73746172 
 490      745F666F 
 490      72776172 
 490      645F456E 
 491              	.LASF14:
 492 025c 73697A65 		.ascii	"sizetype\000"
 492      74797065 
 492      00
 493              		.ident	"GCC: (GNU Tools for ARM Embedded Processors) 5.4.1 20160609 (release) [ARM/embedded-5-bran
